hello
        Name  Equipment Cost [USD]  Installed Cost [USD]  Equipment Weight [LBS]  Installed Weight [LBS]  Utility Cost [USD/HR]
0    REACT-2                     0                     0                       0                       0               0.000000
1    N-HTX-2                128000                520900                   11200                   35289               2.393136
2       HEX1                     0                     0                       0                       0               0.000000
3    REACT-1                     0                     0                       0                       0               0.000000
4     HTX-03                     0                     0                       0                       0               0.000000
5     HTX-02                     0                     0                       0                       0              20.631134
6    H-HTX-1                 53900                195900                    9300                   30776               2.702276
7   H-COMP-1               3124700               3432900                   53400                   87953             346.750500
8   N-COMP-1               3690800               3998000                   59100                   88472             202.271125
9     HTX-05                     0                     0                       0                       0               0.000000
10  N-COMP-2               2858200               3152200                   46200                   77105             260.062875
11    HTX-04                377000               1384700                   58300                  129158               9.611891
12  H-COMP-2                     0                     0                       0                       0               0.000000
13   N-HTX-1                 25500                183700                    3300                   13389               1.650957
14   REACT-3                     0                     0                       0                       0               0.000000
15  NH3FLASH                336000                664800                  103400                  149431               0.000000
16   MIX-NH3                     0                     0                       0                       0               0.000000
17  N-COMP-3               2072700               2300700                   28000                   45972             101.135175
